21:34:53: Creating resource group General
21:34:53: Creating resource group Internal
21:34:53: Creating resource group Autodetect
21:34:53: Registering ResourceManager for type Mesh
21:34:53: Registering ResourceManager for type Material
21:34:53: Registering ResourceManager for type Skeleton
21:34:53: XMLMeshSerializer reading mesh data from C:\Users\Nathan\Documents\ArmyPilot\ArmyPilot.mesh.xml...
21:34:54: Reading submeshes...
21:34:54: Reading geometry...
21:34:54: Geometry done...
21:34:54: Reading bone assignments...
21:34:54: Bone assignments done.
21:34:54: Reading geometry...
21:34:55: Geometry done...
21:34:55: Reading bone assignments...
21:34:55: Bone assignments done.
21:34:55: Reading geometry...
21:34:55: Geometry done...
21:34:55: Reading bone assignments...
21:34:55: Bone assignments done.
21:34:55: Submeshes done.
21:34:55: Skeleton: Loading ArmyPilot.skeleton
21:34:55: OGRE EXCEPTION(6:FileNotFoundException): Cannot locate resource ArmyPilot.skeleton in resource group General or any other group. in ResourceGroupManager::openResource at ..\..\..\..\OgreMain\src\OgreResourceGroupManager.cpp (line 753)
21:34:55: Unable to load skeleton ArmyPilot.skeleton for Mesh conversion. This Mesh will not be animated. You can ignore this message if you are using an offline tool.
21:34:55: XMLMeshSerializer import successful.
21:34:55: Reorganising vertex buffers to automatic layout..
21:34:55: MeshSerializer writing mesh data to C:\Users\Nathan\Documents\ArmyPilot\ArmyPilot.mesh...
21:34:55: File header written.
21:34:55: Writing mesh data...
21:34:55: Writing submesh...
21:34:55: Exporting submesh texture aliases...
21:34:55: Submesh texture aliases exported.
21:34:55: Exporting dedicated geometry bone assignments...
21:34:55: Dedicated geometry bone assignments exported.
21:34:55: Submesh exported.
21:34:55: Writing submesh...
21:34:55: Exporting submesh texture aliases...
21:34:55: Submesh texture aliases exported.
21:34:55: Exporting dedicated geometry bone assignments...
21:34:55: Dedicated geometry bone assignments exported.
21:34:55: Submesh exported.
21:34:55: Writing submesh...
21:34:55: Exporting submesh texture aliases...
21:34:55: Submesh texture aliases exported.
21:34:55: Exporting dedicated geometry bone assignments...
21:34:55: Dedicated geometry bone assignments exported.
21:34:55: Submesh exported.
21:34:55: Exporting skeleton link...
21:34:55: Skeleton link exported.
21:34:55: Exporting bounds information....
21:34:55: Bounds information exported.
21:34:55: Exporting submesh name table...
21:34:55: Submesh name table exported.
21:34:55: Exporting edge lists...
21:34:55: Edge lists exported
21:34:55: Mesh data exported.
21:34:55: MeshSerializer export successful.
21:34:55: Unregistering ResourceManager for type Skeleton
21:34:55: Unregistering ResourceManager for type Material
21:34:55: Unregistering ResourceManager for type Mesh
